# JRE version: OpenJDK Runtime Environment (8.0_242-b01) (build 1.8.0_242-release-1644-b01)
# Java VM: OpenJDK 64-Bit Server VM (25.242-b01 mixed mode windows-amd64 compressed oops)
Heap:
 PSYoungGen      total 218624K, used 16258K [0x00000000d5580000, 0x00000000e4c00000, 0x0000000100000000)
  eden space 198144K, 8% used [0x00000000d5580000,0x00000000d6560800,0x00000000e1700000)
  from space 20480K, 0% used [0x00000000e2c00000,0x00000000e2c00000,0x00000000e4000000)
  to   space 21504K, 0% used [0x00000000e1700000,0x00000000e1700000,0x00000000e2c00000)
 ParOldGen       total 130048K, used 38887K [0x0000000080000000, 0x0000000087f00000, 0x00000000d5580000)
  object space 130048K, 29% used [0x0000000080000000,0x00000000825f9f30,0x0000000087f00000)
 Metaspace       used 57459K, capacity 59876K, committed 60200K, reserved 1101824K
  class space    used 7902K, capacity 8426K, committed 8496K, reserved 1048576K
GC Heap History (10 events):
Event: 3.197 GC heap before
{Heap before GC invocations=11 (full 2):
 PSYoungGen      total 138240K, used 11154K [0x00000000d5580000, 0x00000000e0e80000, 0x0000000100000000)
  eden space 126976K, 0% used [0x00000000d5580000,0x00000000d5580000,0x00000000dd180000)
  from space 11264K, 99% used [0x00000000dd180000,0x00000000ddc64b38,0x00000000ddc80000)
  to   space 12800K, 0% used [0x00000000e0200000,0x00000000e0200000,0x00000000e0e80000)
 ParOldGen       total 50688K, used 6773K [0x0000000080000000, 0x0000000083180000, 0x00000000d5580000)
  object space 50688K, 13% used [0x0000000080000000,0x000000008069d408,0x0000000083180000)
 Metaspace       used 34274K, capacity 35402K, committed 35496K, reserved 1079296K
  class space    used 4713K, capacity 5002K, committed 5040K, reserved 1048576K
Event: 3.268 GC heap after
Heap after GC invocations=11 (full 2):
 PSYoungGen      total 138240K, used 0K [0x00000000d5580000, 0x00000000e0e80000, 0x0000000100000000)
  eden space 126976K, 0% used [0x00000000d5580000,0x00000000d5580000,0x00000000dd180000)
  from space 11264K, 0% used [0x00000000dd180000,0x00000000dd180000,0x00000000ddc80000)
  to   space 12800K, 0% used [0x00000000e0200000,0x00000000e0200000,0x00000000e0e80000)
 ParOldGen       total 81920K, used 17268K [0x0000000080000000, 0x0000000085000000, 0x00000000d5580000)
  object space 81920K, 21% used [0x0000000080000000,0x00000000810dd278,0x0000000085000000)
 Metaspace       used 34274K, capacity 35402K, committed 35496K, reserved 1079296K
  class space    used 4713K, capacity 5002K, committed 5040K, reserved 1048576K
}
Event: 4.125 GC heap before
{Heap before GC invocations=12 (full 2):
 PSYoungGen      total 138240K, used 126976K [0x00000000d5580000, 0x00000000e0e80000, 0x0000000100000000)
  eden space 126976K, 100% used [0x00000000d5580000,0x00000000dd180000,0x00000000dd180000)
  from space 11264K, 0% used [0x00000000dd180000,0x00000000dd180000,0x00000000ddc80000)
  to   space 12800K, 0% used [0x00000000e0200000,0x00000000e0200000,0x00000000e0e80000)
 ParOldGen       total 81920K, used 17268K [0x0000000080000000, 0x0000000085000000, 0x00000000d5580000)
  object space 81920K, 21% used [0x0000000080000000,0x00000000810dd278,0x0000000085000000)
 Metaspace       used 39366K, capacity 41192K, committed 41512K, reserved 1085440K
  class space    used 5433K, capacity 5820K, committed 5936K, reserved 1048576K
Event: 4.135 GC heap after
Heap after GC invocations=12 (full 2):
 PSYoungGen      total 171520K, used 11216K [0x00000000d5580000, 0x00000000e0d00000, 0x0000000100000000)
  eden space 160256K, 0% used [0x00000000d5580000,0x00000000d5580000,0x00000000df200000)
  from space 11264K, 99% used [0x00000000e0200000,0x00000000e0cf41a8,0x00000000e0d00000)
  to   space 13824K, 0% used [0x00000000df200000,0x00000000df200000,0x00000000dff80000)
 ParOldGen       total 81920K, used 17276K [0x0000000080000000, 0x0000000085000000, 0x00000000d5580000)
  object space 81920K, 21% used [0x0000000080000000,0x00000000810df278,0x0000000085000000)
 Metaspace       used 39366K, capacity 41192K, committed 41512K, reserved 1085440K
  class space    used 5433K, capacity 5820K, committed 5936K, reserved 1048576K
}
Event: 5.718 GC heap before
{Heap before GC invocations=13 (full 2):
 PSYoungGen      total 171520K, used 171472K [0x00000000d5580000, 0x00000000e0d00000, 0x0000000100000000)
  eden space 160256K, 100% used [0x00000000d5580000,0x00000000df200000,0x00000000df200000)
  from space 11264K, 99% used [0x00000000e0200000,0x00000000e0cf41a8,0x00000000e0d00000)
  to   space 13824K, 0% used [0x00000000df200000,0x00000000df200000,0x00000000dff80000)
 ParOldGen       total 81920K, used 17276K [0x0000000080000000, 0x0000000085000000, 0x00000000d5580000)
  object space 81920K, 21% used [0x0000000080000000,0x00000000810df278,0x0000000085000000)
 Metaspace       used 53926K, capacity 56076K, committed 56232K, reserved 1097728K
  class space    used 7315K, capacity 7760K, committed 7856K, reserved 1048576K
Event: 5.741 GC heap after
Heap after GC invocations=13 (full 2):
 PSYoungGen      total 174080K, used 13812K [0x00000000d5580000, 0x00000000e4000000, 0x0000000100000000)
  eden space 160256K, 0% used [0x00000000d5580000,0x00000000d5580000,0x00000000df200000)
  from space 13824K, 99% used [0x00000000df200000,0x00000000dff7d300,0x00000000dff80000)
  to   space 20480K, 0% used [0x00000000e2c00000,0x00000000e2c00000,0x00000000e4000000)
 ParOldGen       total 81920K, used 30537K [0x0000000080000000, 0x0000000085000000, 0x00000000d5580000)
  object space 81920K, 37% used [0x0000000080000000,0x0000000081dd2438,0x0000000085000000)
 Metaspace       used 53926K, capacity 56076K, committed 56232K, reserved 1097728K
  class space    used 7315K, capacity 7760K, committed 7856K, reserved 1048576K
}
Event: 6.286 GC heap before
{Heap before GC invocations=14 (full 2):
 PSYoungGen      total 174080K, used 80384K [0x00000000d5580000, 0x00000000e4000000, 0x0000000100000000)
  eden space 160256K, 41% used [0x00000000d5580000,0x00000000d9683080,0x00000000df200000)
  from space 13824K, 99% used [0x00000000df200000,0x00000000dff7d300,0x00000000dff80000)
  to   space 20480K, 0% used [0x00000000e2c00000,0x00000000e2c00000,0x00000000e4000000)
 ParOldGen       total 81920K, used 30537K [0x0000000080000000, 0x0000000085000000, 0x00000000d5580000)
  object space 81920K, 37% used [0x0000000080000000,0x0000000081dd2438,0x0000000085000000)
 Metaspace       used 56635K, capacity 58996K, committed 59160K, reserved 1099776K
  class space    used 7749K, capacity 8244K, committed 8368K, reserved 1048576K
Event: 6.333 GC heap after
Heap after GC invocations=14 (full 2):
 PSYoungGen      total 218624K, used 14080K [0x00000000d5580000, 0x00000000e4c00000, 0x0000000100000000)
  eden space 198144K, 0% used [0x00000000d5580000,0x00000000d5580000,0x00000000e1700000)
  from space 20480K, 68% used [0x00000000e2c00000,0x00000000e39c0270,0x00000000e4000000)
  to   space 21504K, 0% used [0x00000000e1700000,0x00000000e1700000,0x00000000e2c00000)
 ParOldGen       total 81920K, used 36596K [0x0000000080000000, 0x0000000085000000, 0x00000000d5580000)
  object space 81920K, 44% used [0x0000000080000000,0x00000000823bd3d8,0x0000000085000000)
 Metaspace       used 56635K, capacity 58996K, committed 59160K, reserved 1099776K
  class space    used 7749K, capacity 8244K, committed 8368K, reserved 1048576K
}
Event: 6.333 GC heap before
{Heap before GC invocations=15 (full 3):
 PSYoungGen      total 218624K, used 14080K [0x00000000d5580000, 0x00000000e4c00000, 0x0000000100000000)
  eden space 198144K, 0% used [0x00000000d5580000,0x00000000d5580000,0x00000000e1700000)
  from space 20480K, 68% used [0x00000000e2c00000,0x00000000e39c0270,0x00000000e4000000)
  to   space 21504K, 0% used [0x00000000e1700000,0x00000000e1700000,0x00000000e2c00000)
 ParOldGen       total 81920K, used 36596K [0x0000000080000000, 0x0000000085000000, 0x00000000d5580000)
  object space 81920K, 44% used [0x0000000080000000,0x00000000823bd3d8,0x0000000085000000)
 Metaspace       used 56635K, capacity 58996K, committed 59160K, reserved 1099776K
  class space    used 7749K, capacity 8244K, committed 8368K, reserved 1048576K
Event: 6.577 GC heap after
Heap after GC invocations=15 (full 3):
 PSYoungGen      total 218624K, used 0K [0x00000000d5580000, 0x00000000e4c00000, 0x0000000100000000)
  eden space 198144K, 0% used [0x00000000d5580000,0x00000000d5580000,0x00000000e1700000)
  from space 20480K, 0% used [0x00000000e2c00000,0x00000000e2c00000,0x00000000e4000000)
  to   space 21504K, 0% used [0x00000000e1700000,0x00000000e1700000,0x00000000e2c00000)
 ParOldGen       total 130048K, used 38887K [0x0000000080000000, 0x0000000087f00000, 0x00000000d5580000)
  object space 130048K, 29% used [0x0000000080000000,0x00000000825f9f30,0x0000000087f00000)
 Metaspace       used 56605K, capacity 58894K, committed 59160K, reserved 1099776K
  class space    used 7740K, capacity 8227K, committed 8368K, reserved 1048576K
}

