# JRE version: OpenJDK Runtime Environment (8.0_242-b01) (build 1.8.0_242-release-1644-b01)
# Java VM: OpenJDK 64-Bit Server VM (25.242-b01 mixed mode windows-amd64 compressed oops)
Heap:
 PSYoungGen      total 400896K, used 358723K [0x00000000d5580000, 0x00000000f4580000, 0x0000000100000000)
  eden space 314368K, 99% used [0x00000000d5580000,0x00000000e872ff08,0x00000000e8880000)
  from space 86528K, 52% used [0x00000000ef100000,0x00000000f1da0d40,0x00000000f4580000)
  to   space 96768K, 0% used [0x00000000e8880000,0x00000000e8880000,0x00000000ee700000)
 ParOldGen       total 315392K, used 200091K [0x0000000080000000, 0x0000000093400000, 0x00000000d5580000)
  object space 315392K, 63% used [0x0000000080000000,0x000000008c366e88,0x0000000093400000)
 Metaspace       used 94208K, capacity 98886K, committed 99224K, reserved 1134592K
  class space    used 12259K, capacity 13116K, committed 13232K, reserved 1048576K
GC Heap History (10 events):
Event: 959.883 GC heap before
{Heap before GC invocations=24 (full 4):
 PSYoungGen      total 338432K, used 262058K [0x00000000d5580000, 0x00000000f1580000, 0x0000000100000000)
  eden space 242688K, 100% used [0x00000000d5580000,0x00000000e4280000,0x00000000e4280000)
  from space 95744K, 20% used [0x00000000e4280000,0x00000000e556a9c0,0x00000000ea000000)
  to   space 91648K, 0% used [0x00000000ebc00000,0x00000000ebc00000,0x00000000f1580000)
 ParOldGen       total 315392K, used 166782K [0x0000000080000000, 0x0000000093400000, 0x00000000d5580000)
  object space 315392K, 52% used [0x0000000080000000,0x000000008a2df998,0x0000000093400000)
 Metaspace       used 91157K, capacity 95682K, committed 96408K, reserved 1132544K
  class space    used 12148K, capacity 13020K, committed 13232K, reserved 1048576K
Event: 959.900 GC heap after
Heap after GC invocations=24 (full 4):
 PSYoungGen      total 349696K, used 13912K [0x00000000d5580000, 0x00000000f0a80000, 0x0000000100000000)
  eden space 269312K, 0% used [0x00000000d5580000,0x00000000d5580000,0x00000000e5c80000)
  from space 80384K, 17% used [0x00000000ebc00000,0x00000000ec996288,0x00000000f0a80000)
  to   space 89088K, 0% used [0x00000000e5c80000,0x00000000e5c80000,0x00000000eb380000)
 ParOldGen       total 315392K, used 166790K [0x0000000080000000, 0x0000000093400000, 0x00000000d5580000)
  object space 315392K, 52% used [0x0000000080000000,0x000000008a2e1998,0x0000000093400000)
 Metaspace       used 91157K, capacity 95682K, committed 96408K, reserved 1132544K
  class space    used 12148K, capacity 13020K, committed 13232K, reserved 1048576K
}
Event: 963.051 GC heap before
{Heap before GC invocations=25 (full 4):
 PSYoungGen      total 349696K, used 283224K [0x00000000d5580000, 0x00000000f0a80000, 0x0000000100000000)
  eden space 269312K, 100% used [0x00000000d5580000,0x00000000e5c80000,0x00000000e5c80000)
  from space 80384K, 17% used [0x00000000ebc00000,0x00000000ec996288,0x00000000f0a80000)
  to   space 89088K, 0% used [0x00000000e5c80000,0x00000000e5c80000,0x00000000eb380000)
 ParOldGen       total 315392K, used 166790K [0x0000000080000000, 0x0000000093400000, 0x00000000d5580000)
  object space 315392K, 52% used [0x0000000080000000,0x000000008a2e1998,0x0000000093400000)
 Metaspace       used 92313K, capacity 96836K, committed 97432K, reserved 1134592K
  class space    used 12200K, capacity 13031K, committed 13232K, reserved 1048576K
Event: 963.086 GC heap after
Heap after GC invocations=25 (full 4):
 PSYoungGen      total 358400K, used 26014K [0x00000000d5580000, 0x00000000f1b00000, 0x0000000100000000)
  eden space 269312K, 0% used [0x00000000d5580000,0x00000000d5580000,0x00000000e5c80000)
  from space 89088K, 29% used [0x00000000e5c80000,0x00000000e75e7b88,0x00000000eb380000)
  to   space 83456K, 0% used [0x00000000ec980000,0x00000000ec980000,0x00000000f1b00000)
 ParOldGen       total 315392K, used 166798K [0x0000000080000000, 0x0000000093400000, 0x00000000d5580000)
  object space 315392K, 52% used [0x0000000080000000,0x000000008a2e3998,0x0000000093400000)
 Metaspace       used 92313K, capacity 96836K, committed 97432K, reserved 1134592K
  class space    used 12200K, capacity 13031K, committed 13232K, reserved 1048576K
}
Event: 964.486 GC heap before
{Heap before GC invocations=26 (full 4):
 PSYoungGen      total 358400K, used 295326K [0x00000000d5580000, 0x00000000f1b00000, 0x0000000100000000)
  eden space 269312K, 100% used [0x00000000d5580000,0x00000000e5c80000,0x00000000e5c80000)
  from space 89088K, 29% used [0x00000000e5c80000,0x00000000e75e7b88,0x00000000eb380000)
  to   space 83456K, 0% used [0x00000000ec980000,0x00000000ec980000,0x00000000f1b00000)
 ParOldGen       total 315392K, used 166798K [0x0000000080000000, 0x0000000093400000, 0x00000000d5580000)
  object space 315392K, 52% used [0x0000000080000000,0x000000008a2e3998,0x0000000093400000)
 Metaspace       used 93291K, capacity 97818K, committed 98200K, reserved 1134592K
  class space    used 12230K, capacity 13080K, committed 13232K, reserved 1048576K
Event: 964.592 GC heap after
Heap after GC invocations=26 (full 4):
 PSYoungGen      total 358400K, used 83435K [0x00000000d5580000, 0x00000000f5600000, 0x0000000100000000)
  eden space 274944K, 0% used [0x00000000d5580000,0x00000000d5580000,0x00000000e6200000)
  from space 83456K, 99% used [0x00000000ec980000,0x00000000f1afacf8,0x00000000f1b00000)
  to   space 105984K, 0% used [0x00000000e6200000,0x00000000e6200000,0x00000000ec980000)
 ParOldGen       total 315392K, used 187097K [0x0000000080000000, 0x0000000093400000, 0x00000000d5580000)
  object space 315392K, 59% used [0x0000000080000000,0x000000008b6b6678,0x0000000093400000)
 Metaspace       used 93291K, capacity 97818K, committed 98200K, reserved 1134592K
  class space    used 12230K, capacity 13080K, committed 13232K, reserved 1048576K
}
Event: 966.290 GC heap before
{Heap before GC invocations=27 (full 4):
 PSYoungGen      total 358400K, used 357957K [0x00000000d5580000, 0x00000000f5600000, 0x0000000100000000)
  eden space 274944K, 99% used [0x00000000d5580000,0x00000000e6196b00,0x00000000e6200000)
  from space 83456K, 99% used [0x00000000ec980000,0x00000000f1afacf8,0x00000000f1b00000)
  to   space 105984K, 0% used [0x00000000e6200000,0x00000000e6200000,0x00000000ec980000)
 ParOldGen       total 315392K, used 187097K [0x0000000080000000, 0x0000000093400000, 0x00000000d5580000)
  object space 315392K, 59% used [0x0000000080000000,0x000000008b6b6678,0x0000000093400000)
 Metaspace       used 93338K, capacity 97888K, committed 98456K, reserved 1134592K
  class space    used 12231K, capacity 13081K, committed 13232K, reserved 1048576K
Event: 966.361 GC heap after
Heap after GC invocations=27 (full 4):
 PSYoungGen      total 380928K, used 33479K [0x00000000d5580000, 0x00000000f5200000, 0x0000000100000000)
  eden space 274944K, 0% used [0x00000000d5580000,0x00000000d5580000,0x00000000e6200000)
  from space 105984K, 31% used [0x00000000e6200000,0x00000000e82b1d48,0x00000000ec980000)
  to   space 99328K, 0% used [0x00000000ef100000,0x00000000ef100000,0x00000000f5200000)
 ParOldGen       total 315392K, used 200083K [0x0000000080000000, 0x0000000093400000, 0x00000000d5580000)
  object space 315392K, 63% used [0x0000000080000000,0x000000008c364e88,0x0000000093400000)
 Metaspace       used 93338K, capacity 97888K, committed 98456K, reserved 1134592K
  class space    used 12231K, capacity 13081K, committed 13232K, reserved 1048576K
}
Event: 1382.341 GC heap before
{Heap before GC invocations=28 (full 4):
 PSYoungGen      total 380928K, used 308423K [0x00000000d5580000, 0x00000000f5200000, 0x0000000100000000)
  eden space 274944K, 100% used [0x00000000d5580000,0x00000000e6200000,0x00000000e6200000)
  from space 105984K, 31% used [0x00000000e6200000,0x00000000e82b1d48,0x00000000ec980000)
  to   space 99328K, 0% used [0x00000000ef100000,0x00000000ef100000,0x00000000f5200000)
 ParOldGen       total 315392K, used 200083K [0x0000000080000000, 0x0000000093400000, 0x00000000d5580000)
  object space 315392K, 63% used [0x0000000080000000,0x000000008c364e88,0x0000000093400000)
 Metaspace       used 93987K, capacity 98656K, committed 98968K, reserved 1134592K
  class space    used 12251K, capacity 13111K, committed 13232K, reserved 1048576K
Event: 1382.716 GC heap after
Heap after GC invocations=28 (full 4):
 PSYoungGen      total 400896K, used 45699K [0x00000000d5580000, 0x00000000f4580000, 0x0000000100000000)
  eden space 314368K, 0% used [0x00000000d5580000,0x00000000d5580000,0x00000000e8880000)
  from space 86528K, 52% used [0x00000000ef100000,0x00000000f1da0d40,0x00000000f4580000)
  to   space 96768K, 0% used [0x00000000e8880000,0x00000000e8880000,0x00000000ee700000)
 ParOldGen       total 315392K, used 200091K [0x0000000080000000, 0x0000000093400000, 0x00000000d5580000)
  object space 315392K, 63% used [0x0000000080000000,0x000000008c366e88,0x0000000093400000)
 Metaspace       used 93987K, capacity 98656K, committed 98968K, reserved 1134592K
  class space    used 12251K, capacity 13111K, committed 13232K, reserved 1048576K
}

