# JRE version: OpenJDK Runtime Environment (8.0_242-b01) (build 1.8.0_242-release-1644-b01)
# Java VM: OpenJDK 64-Bit Server VM (25.242-b01 mixed mode windows-amd64 compressed oops)
Heap:
 PSYoungGen      total 230912K, used 169911K [0x00000000d5580000, 0x00000000e5200000, 0x0000000100000000)
  eden space 210944K, 71% used [0x00000000d5580000,0x00000000de7f2808,0x00000000e2380000)
  from space 19968K, 99% used [0x00000000e2380000,0x00000000e36fb538,0x00000000e3700000)
  to   space 20480K, 0% used [0x00000000e3700000,0x00000000e3700000,0x00000000e4b00000)
 ParOldGen       total 124416K, used 68708K [0x0000000080000000, 0x0000000087980000, 0x00000000d5580000)
  object space 124416K, 55% used [0x0000000080000000,0x00000000843192f8,0x0000000087980000)
 Metaspace       used 79684K, capacity 84416K, committed 84776K, reserved 1122304K
  class space    used 11085K, capacity 11961K, committed 12080K, reserved 1048576K
GC Heap History (10 events):
Event: 7.518 GC heap before
{Heap before GC invocations=14 (full 2):
 PSYoungGen      total 183296K, used 77653K [0x00000000d5580000, 0x00000000e4b00000, 0x0000000100000000)
  eden space 169472K, 37% used [0x00000000d5580000,0x00000000d93d82a8,0x00000000dfb00000)
  from space 13824K, 99% used [0x00000000dfb00000,0x00000000e087d320,0x00000000e0880000)
  to   space 20480K, 0% used [0x00000000e3700000,0x00000000e3700000,0x00000000e4b00000)
 ParOldGen       total 77312K, used 30640K [0x0000000080000000, 0x0000000084b80000, 0x00000000d5580000)
  object space 77312K, 39% used [0x0000000080000000,0x0000000081dec358,0x0000000084b80000)
 Metaspace       used 56636K, capacity 59034K, committed 59160K, reserved 1099776K
  class space    used 7759K, capacity 8251K, committed 8368K, reserved 1048576K
Event: 7.536 GC heap after
Heap after GC invocations=14 (full 2):
 PSYoungGen      total 231424K, used 6298K [0x00000000d5580000, 0x00000000e5200000, 0x0000000100000000)
  eden space 210944K, 0% used [0x00000000d5580000,0x00000000d5580000,0x00000000e2380000)
  from space 20480K, 30% used [0x00000000e3700000,0x00000000e3d26b78,0x00000000e4b00000)
  to   space 19968K, 0% used [0x00000000e2380000,0x00000000e2380000,0x00000000e3700000)
 ParOldGen       total 77312K, used 44352K [0x0000000080000000, 0x0000000084b80000, 0x00000000d5580000)
  object space 77312K, 57% used [0x0000000080000000,0x0000000082b503f0,0x0000000084b80000)
 Metaspace       used 56636K, capacity 59034K, committed 59160K, reserved 1099776K
  class space    used 7759K, capacity 8251K, committed 8368K, reserved 1048576K
}
Event: 7.536 GC heap before
{Heap before GC invocations=15 (full 3):
 PSYoungGen      total 231424K, used 6298K [0x00000000d5580000, 0x00000000e5200000, 0x0000000100000000)
  eden space 210944K, 0% used [0x00000000d5580000,0x00000000d5580000,0x00000000e2380000)
  from space 20480K, 30% used [0x00000000e3700000,0x00000000e3d26b78,0x00000000e4b00000)
  to   space 19968K, 0% used [0x00000000e2380000,0x00000000e2380000,0x00000000e3700000)
 ParOldGen       total 77312K, used 44352K [0x0000000080000000, 0x0000000084b80000, 0x00000000d5580000)
  object space 77312K, 57% used [0x0000000080000000,0x0000000082b503f0,0x0000000084b80000)
 Metaspace       used 56636K, capacity 59034K, committed 59160K, reserved 1099776K
  class space    used 7759K, capacity 8251K, committed 8368K, reserved 1048576K
Event: 7.769 GC heap after
Heap after GC invocations=15 (full 3):
 PSYoungGen      total 231424K, used 0K [0x00000000d5580000, 0x00000000e5200000, 0x0000000100000000)
  eden space 210944K, 0% used [0x00000000d5580000,0x00000000d5580000,0x00000000e2380000)
  from space 20480K, 0% used [0x00000000e3700000,0x00000000e3700000,0x00000000e4b00000)
  to   space 19968K, 0% used [0x00000000e2380000,0x00000000e2380000,0x00000000e3700000)
 ParOldGen       total 124416K, used 35482K [0x0000000080000000, 0x0000000087980000, 0x00000000d5580000)
  object space 124416K, 28% used [0x0000000080000000,0x00000000822a68c0,0x0000000087980000)
 Metaspace       used 56593K, capacity 58890K, committed 59160K, reserved 1099776K
  class space    used 7746K, capacity 8227K, committed 8368K, reserved 1048576K
}
Event: 9.948 GC heap before
{Heap before GC invocations=16 (full 3):
 PSYoungGen      total 231424K, used 210944K [0x00000000d5580000, 0x00000000e5200000, 0x0000000100000000)
  eden space 210944K, 100% used [0x00000000d5580000,0x00000000e2380000,0x00000000e2380000)
  from space 20480K, 0% used [0x00000000e3700000,0x00000000e3700000,0x00000000e4b00000)
  to   space 19968K, 0% used [0x00000000e2380000,0x00000000e2380000,0x00000000e3700000)
 ParOldGen       total 124416K, used 35482K [0x0000000080000000, 0x0000000087980000, 0x00000000d5580000)
  object space 124416K, 28% used [0x0000000080000000,0x00000000822a68c0,0x0000000087980000)
 Metaspace       used 64113K, capacity 67458K, committed 67624K, reserved 1107968K
  class space    used 8876K, capacity 9499K, committed 9520K, reserved 1048576K
Event: 9.966 GC heap after
Heap after GC invocations=16 (full 3):
 PSYoungGen      total 230912K, used 19943K [0x00000000d5580000, 0x00000000e5200000, 0x0000000100000000)
  eden space 210944K, 0% used [0x00000000d5580000,0x00000000d5580000,0x00000000e2380000)
  from space 19968K, 99% used [0x00000000e2380000,0x00000000e36f9fa0,0x00000000e3700000)
  to   space 20480K, 0% used [0x00000000e3700000,0x00000000e3700000,0x00000000e4b00000)
 ParOldGen       total 124416K, used 35875K [0x0000000080000000, 0x0000000087980000, 0x00000000d5580000)
  object space 124416K, 28% used [0x0000000080000000,0x0000000082308f58,0x0000000087980000)
 Metaspace       used 64113K, capacity 67458K, committed 67624K, reserved 1107968K
  class space    used 8876K, capacity 9499K, committed 9520K, reserved 1048576K
}
Event: 11.654 GC heap before
{Heap before GC invocations=17 (full 3):
 PSYoungGen      total 230912K, used 230887K [0x00000000d5580000, 0x00000000e5200000, 0x0000000100000000)
  eden space 210944K, 100% used [0x00000000d5580000,0x00000000e2380000,0x00000000e2380000)
  from space 19968K, 99% used [0x00000000e2380000,0x00000000e36f9fa0,0x00000000e3700000)
  to   space 20480K, 0% used [0x00000000e3700000,0x00000000e3700000,0x00000000e4b00000)
 ParOldGen       total 124416K, used 35875K [0x0000000080000000, 0x0000000087980000, 0x00000000d5580000)
  object space 124416K, 28% used [0x0000000080000000,0x0000000082308f58,0x0000000087980000)
 Metaspace       used 71447K, capacity 75226K, committed 75560K, reserved 1114112K
  class space    used 9783K, capacity 10460K, committed 10544K, reserved 1048576K
Event: 11.681 GC heap after
Heap after GC invocations=17 (full 3):
 PSYoungGen      total 231424K, used 20461K [0x00000000d5580000, 0x00000000e5200000, 0x0000000100000000)
  eden space 210944K, 0% used [0x00000000d5580000,0x00000000d5580000,0x00000000e2380000)
  from space 20480K, 99% used [0x00000000e3700000,0x00000000e4afb488,0x00000000e4b00000)
  to   space 19968K, 0% used [0x00000000e2380000,0x00000000e2380000,0x00000000e3700000)
 ParOldGen       total 124416K, used 49901K [0x0000000080000000, 0x0000000087980000, 0x00000000d5580000)
  object space 124416K, 40% used [0x0000000080000000,0x00000000830bb720,0x0000000087980000)
 Metaspace       used 71447K, capacity 75226K, committed 75560K, reserved 1114112K
  class space    used 9783K, capacity 10460K, committed 10544K, reserved 1048576K
}
Event: 11.920 GC heap before
{Heap before GC invocations=18 (full 3):
 PSYoungGen      total 231424K, used 231405K [0x00000000d5580000, 0x00000000e5200000, 0x0000000100000000)
  eden space 210944K, 100% used [0x00000000d5580000,0x00000000e2380000,0x00000000e2380000)
  from space 20480K, 99% used [0x00000000e3700000,0x00000000e4afb488,0x00000000e4b00000)
  to   space 19968K, 0% used [0x00000000e2380000,0x00000000e2380000,0x00000000e3700000)
 ParOldGen       total 124416K, used 49901K [0x0000000080000000, 0x0000000087980000, 0x00000000d5580000)
  object space 124416K, 40% used [0x0000000080000000,0x00000000830bb720,0x0000000087980000)
 Metaspace       used 71518K, capacity 75262K, committed 75560K, reserved 1114112K
  class space    used 9792K, capacity 10492K, committed 10544K, reserved 1048576K
Event: 11.944 GC heap after
Heap after GC invocations=18 (full 3):
 PSYoungGen      total 230912K, used 19949K [0x00000000d5580000, 0x00000000e5200000, 0x0000000100000000)
  eden space 210944K, 0% used [0x00000000d5580000,0x00000000d5580000,0x00000000e2380000)
  from space 19968K, 99% used [0x00000000e2380000,0x00000000e36fb538,0x00000000e3700000)
  to   space 20480K, 0% used [0x00000000e3700000,0x00000000e3700000,0x00000000e4b00000)
 ParOldGen       total 124416K, used 68708K [0x0000000080000000, 0x0000000087980000, 0x00000000d5580000)
  object space 124416K, 55% used [0x0000000080000000,0x00000000843192f8,0x0000000087980000)
 Metaspace       used 71518K, capacity 75262K, committed 75560K, reserved 1114112K
  class space    used 9792K, capacity 10492K, committed 10544K, reserved 1048576K
}

